[    0.000000] Linux version 4.15.0-34-generic (buildd@lgw01-amd64-047) (gcc version 7.3.0 (Ubuntu 7.3.0-16ubuntu3)) #37-Ubuntu SMP Mon Aug 27 15:21:48 UTC 2018 (Ubuntu 4.15.0-34.37-generic 4.15.18)
[    0.000000] Command line: BOOT_IMAGE=/boot/vmlinuz-4.15.0-34-generic root=LABEL=cloudimg-rootfs ro console=tty1 console=ttyS0
[    0.000000] KERNEL supported cpus:
[    0.000000]   Intel GenuineIntel
[    0.000000]   AMD AuthenticAMD
[    0.000000]   Centaur CentaurHauls
[    0.000000] ------------[ cut here ]------------
[    0.000000] XSAVE consistency problem, dumping leaves
[    0.000000] WARNING: CPU: 0 PID: 0 at /build/linux-SlLHxe/linux-4.15.0/arch/x86/kernel/fpu/xstate.c:614 do_extra_xstate_size_checks+0x303/0x3e6
[    0.000000] Modules linked in:
[    0.000000] CPU: 0 PID: 0 Comm: swapper Not tainted 4.15.0-34-generic #37-Ubuntu
[    0.000000] RIP: 0010:do_extra_xstate_size_checks+0x303/0x3e6
[    0.000000] RSP: 0000:ffffffff97a03d50 EFLAGS: 00010086 ORIG_RAX: 0000000000000000
[    0.000000] RAX: 0000000000000000 RBX: 000000000000000a RCX: ffffffff97a626e8
[    0.000000] RDX: 0000000000000001 RSI: 0000000000000086 RDI: 0000000000000047
[    0.000000] RBP: ffffffff97a03d90 R08: 657661656c20676e R09: 0000000000000007
[    0.000000] R10: ffffffff97c59940 R11: 0000000000000000 R12: 0000000000000100
[    0.000000] R13: 0000000000000340 R14: ffffffff97a03d54 R15: ffffffff97a03d50
[    0.000000] FS:  0000000000000000(0000) GS:ffffffff97c7e000(0000) knlGS:0000000000000000
[    0.000000] CS:  0010 DS: 0000 ES: 0000 CR0: 0000000080050033
[    0.000000] CR2: ffff88000008a000 CR3: 0000000015b20000 CR4: 00000000000406a0
[    0.000000] Call Trace:
[    0.000000]  fpu__init_system_xstate+0x183/0x484
[    0.000000]  fpu__init_system+0x213/0x265
[    0.000000]  ? early_init_intel+0xe0/0x450
[    0.000000]  early_cpu_init+0x201/0x208
[    0.000000]  ? 0xffffffff96600000
[    0.000000]  setup_arch+0xcb/0xc82
[    0.000000]  ? printk+0x52/0x6e
[    0.000000]  start_kernel+0x6d/0x4fd
[    0.000000]  x86_64_start_reservations+0x24/0x26
[    0.000000]  x86_64_start_kernel+0x74/0x77
[    0.000000]  secondary_startup_64+0xa5/0xb0
[    0.000000] Code: ff ff 44 3b 2d 1d 2c 8b 01 0f 84 d5 00 00 00 80 3d 1a 3f 5d 01 00 75 29 48 c7 c7 f8 8a 6b 97 c6 05 0a 3f 5d 01 01 e8 53 01 05 00 <0f> 0b eb 12 83 3d 18 02 3f 01 00 0f 84 af fe ff ff e9 a5 fe ff 
[    0.000000] random: get_random_bytes called from print_oops_end_marker+0x3f/0x60 with crng_init=0
[    0.000000] ---[ end trace 52a8d7c43c07c9d8 ]---
[    0.000000] CPUID[0d, 00]: eax=00000007 ebx=00000440 ecx=00000440 edx=00000000
[    0.000000] CPUID[0d, 01]: eax=00000000 ebx=000003c0 ecx=00000000 edx=00000000
[    0.000000] CPUID[0d, 02]: eax=00000100 ebx=00000240 ecx=00000000 edx=00000000
[    0.000000] CPUID[0d, 03]: eax=00000000 ebx=00000000 ecx=00000000 edx=00000000
[    0.000000] CPUID[0d, 04]: eax=00000000 ebx=00000000 ecx=00000000 edx=00000000
[    0.000000] CPUID[0d, 05]: eax=00000000 ebx=00000000 ecx=00000000 edx=00000000
[    0.000000] CPUID[0d, 06]: eax=00000000 ebx=00000000 ecx=00000000 edx=00000000
[    0.000000] CPUID[0d, 07]: eax=00000000 ebx=00000000 ecx=00000000 edx=00000000
[    0.000000] CPUID[0d, 08]: eax=00000000 ebx=00000000 ecx=00000000 edx=00000000
[    0.000000] CPUID[0d, 09]: eax=00000000 ebx=00000000 ecx=00000000 edx=00000000
[    0.000000] CPUID[0d, 0a]: eax=00000000 ebx=00000000 ecx=00000000 edx=00000000
[    0.000000] CPUID[0d, 0b]: eax=00000000 ebx=00000000 ecx=00000000 edx=00000000
[    0.000000] CPUID[0d, 0c]: eax=00000000 ebx=00000000 ecx=00000000 edx=00000000
[    0.000000] CPUID[0d, 0d]: eax=00000000 ebx=00000000 ecx=00000000 edx=00000000
[    0.000000] CPUID[0d, 0e]: eax=00000000 ebx=00000000 ecx=00000000 edx=00000000
[    0.000000] CPUID[0d, 0f]: eax=00000000 ebx=00000000 ecx=00000000 edx=00000000
[    0.000000] CPUID[0d, 10]: eax=00000000 ebx=00000000 ecx=00000000 edx=00000000
[    0.000000] CPUID[0d, 11]: eax=00000000 ebx=00000000 ecx=00000000 edx=00000000
[    0.000000] CPUID[0d, 12]: eax=00000000 ebx=00000000 ecx=00000000 edx=00000000
[    0.000000] CPUID[0d, 13]: eax=00000000 ebx=00000000 ecx=00000000 edx=00000000
[    0.000000] x86/fpu: Supporting XSAVE feature 0x001: 'x87 floating point registers'
[    0.000000] x86/fpu: Supporting XSAVE feature 0x002: 'SSE registers'
[    0.000000] x86/fpu: Supporting XSAVE feature 0x004: 'AVX registers'
[    0.000000] x86/fpu: xstate_offset[2]:  576, xstate_sizes[2]:  256
[    0.000000] x86/fpu: Enabled xstate features 0x7, context size is 1088 bytes, using 'standard' format.
[    0.000000] e820: BIOS-provided physical RAM map:
[    0.000000] BIOS-e820: [mem 0x0000000000000000-0x000000000009fbff] usable
[    0.000000] BIOS-e820: [mem 0x000000000009fc00-0x000000000009ffff] reserved
[    0.000000] BIOS-e820: [mem 0x00000000000f0000-0x00000000000fffff] reserved
[    0.000000] BIOS-e820: [mem 0x0000000000100000-0x000000003ffeffff] usable
[    0.000000] BIOS-e820: [mem 0x000000003fff0000-0x000000003fffffff] ACPI data
[    0.000000] BIOS-e820: [mem 0x00000000fec00000-0x00000000fec00fff] reserved
[    0.000000] BIOS-e820: [mem 0x00000000fee00000-0x00000000fee00fff] reserved
[    0.000000] BIOS-e820: [mem 0x00000000fffc0000-0x00000000ffffffff] reserved
[    0.000000] NX (Execute Disable) protection: active
[    0.000000] SMBIOS 2.5 present.
[    0.000000] DMI: innotek GmbH VirtualBox/VirtualBox, BIOS VirtualBox 12/01/2006
[    0.000000] Hypervisor detected: KVM
[    0.000000] e820: last_pfn = 0x3fff0 max_arch_pfn = 0x400000000
[    0.000000] MTRR: Disabled
[    0.000000] x86/PAT: MTRRs disabled, skipping PAT initialization too.
[    0.000000] CPU MTRRs all blank - virtualized system.
[    0.000000] x86/PAT: Configuration [0-7]: WB  WT  UC- UC  WB  WT  UC- UC  
[    0.000000] found SMP MP-table at [mem 0x0009fff0-0x0009ffff] mapped at [        (ptrval)]
[    0.000000] Scanning 1 areas for low memory corruption
[    0.000000] RAMDISK: [mem 0x35adf000-0x36d66fff]
[    0.000000] ACPI: Early table checksum verification disabled
[    0.000000] ACPI: RSDP 0x00000000000E0000 000024 (v02 VBOX  )
[    0.000000] ACPI: XSDT 0x000000003FFF0030 00003C (v01 VBOX   VBOXXSDT 00000001 ASL  00000061)
[    0.000000] ACPI: FACP 0x000000003FFF00F0 0000F4 (v04 VBOX   VBOXFACP 00000001 ASL  00000061)
[    0.000000] ACPI: DSDT 0x000000003FFF0470 0021FF (v02 VBOX   VBOXBIOS 00000002 INTL 20160108)
[    0.000000] ACPI: FACS 0x000000003FFF0200 000040
[    0.000000] ACPI: FACS 0x000000003FFF0200 000040
[    0.000000] ACPI: APIC 0x000000003FFF0240 00005C (v02 VBOX   VBOXAPIC 00000001 ASL  00000061)
[    0.000000] ACPI: SSDT 0x000000003FFF02A0 0001CC (v01 VBOX   VBOXCPUT 00000002 INTL 20160108)
[    0.000000] No NUMA configuration found
[    0.000000] Faking a node at [mem 0x0000000000000000-0x000000003ffeffff]
[    0.000000] NODE_DATA(0) allocated [mem 0x3ffc5000-0x3ffeffff]
[    0.000000] kvm-clock: cpu 0, msr 0:3ff44001, primary cpu clock
[    0.000000] kvm-clock: Using msrs 4b564d01 and 4b564d00
[    0.000000] kvm-clock: using sched offset of 3136274790 cycles
[    0.000000] clocksource: kvm-clock: mask: 0xffffffffffffffff max_cycles: 0x1cd42e4dffb, max_idle_ns: 881590591483 ns
[    0.000000] Zone ranges:
[    0.000000]   DMA      [mem 0x0000000000001000-0x0000000000ffffff]
[    0.000000]   DMA32    [mem 0x0000000001000000-0x000000003ffeffff]
[    0.000000]   Normal   empty
[    0.000000]   Device   empty
[    0.000000] Movable zone start for each node
[    0.000000] Early memory node ranges
[    0.000000]   node   0: [mem 0x0000000000001000-0x000000000009efff]
[    0.000000]   node   0: [mem 0x0000000000100000-0x000000003ffeffff]
[    0.000000] Initmem setup node 0 [mem 0x0000000000001000-0x000000003ffeffff]
[    0.000000] Reserved but unavailable: 98 pages
[    0.000000] ACPI: PM-Timer IO Port: 0x4008
[    0.000000] IOAPIC[0]: apic_id 2, version 32, address 0xfec00000, GSI 0-23
[    0.000000] ACPI: INT_SRC_OVR (bus 0 bus_irq 0 global_irq 2 dfl dfl)
[    0.000000] ACPI: INT_SRC_OVR (bus 0 bus_irq 9 global_irq 9 high level)
[    0.000000] Using ACPI (MADT) for SMP configuration information
[    0.000000] smpboot: Allowing 2 CPUs, 0 hotplug CPUs
[    0.000000] PM: Registered nosave memory: [mem 0x00000000-0x00000fff]
[    0.000000] PM: Registered nosave memory: [mem 0x0009f000-0x0009ffff]
[    0.000000] PM: Registered nosave memory: [mem 0x000a0000-0x000effff]
[    0.000000] PM: Registered nosave memory: [mem 0x000f0000-0x000fffff]
[    0.000000] e820: [mem 0x40000000-0xfebfffff] available for PCI devices
[    0.000000] Booting paravirtualized kernel on KVM
[    0.000000] clocksource: refined-jiffies: mask: 0xffffffff max_cycles: 0xffffffff, max_idle_ns: 7645519600211568 ns
[    0.000000] setup_percpu: NR_CPUS:8192 nr_cpumask_bits:2 nr_cpu_ids:2 nr_node_ids:1
[    0.000000] percpu: Embedded 46 pages/cpu @        (ptrval) s151552 r8192 d28672 u1048576
[    0.000000] PV qspinlock hash table entries: 256 (order: 0, 4096 bytes)
[    0.000000] Built 1 zonelists, mobility grouping on.  Total pages: 257913
[    0.000000] Policy zone: DMA32
[    0.000000] Kernel command line: BOOT_IMAGE=/boot/vmlinuz-4.15.0-34-generic root=LABEL=cloudimg-rootfs ro console=tty1 console=ttyS0
[    0.000000] Memory: 983608K/1048120K available (12300K kernel code, 2471K rwdata, 4244K rodata, 2408K init, 2416K bss, 64512K reserved, 0K cma-reserved)
[    0.000000] SLUB: HWalign=64, Order=0-3, MinObjects=0, CPUs=2, Nodes=1
[    0.000000] Kernel/User page tables isolation: enabled
[    0.000000] ftrace: allocating 39147 entries in 153 pages
[    0.004000] Hierarchical RCU implementation.
[    0.004000] 	RCU restricting CPUs from NR_CPUS=8192 to nr_cpu_ids=2.
[    0.004000] 	Tasks RCU enabled.
[    0.004000] RCU: Adjusting geometry for rcu_fanout_leaf=16, nr_cpu_ids=2
[    0.004000] NR_IRQS: 524544, nr_irqs: 440, preallocated irqs: 16
[    0.004000] Console: colour VGA+ 80x25
[    0.004000] console [tty1] enabled
[    0.004000] console [ttyS0] enabled
[    0.004000] ACPI: Core revision 20170831
[    0.004000] ACPI: 2 ACPI AML tables successfully acquired and loaded
[    0.004000] APIC: Switch to symmetric I/O mode setup
[    0.008231] x2apic enabled
[    0.012006] Switched APIC routing to physical x2apic.
[    0.017089] ..TIMER: vector=0x30 apic1=0 pin1=2 apic2=-1 pin2=-1
[    0.020005] tsc: Detected 2808.000 MHz processor
[    0.024012] Calibrating delay loop (skipped) preset value.. 5616.00 BogoMIPS (lpj=11232000)
[    0.025149] pid_max: default: 32768 minimum: 301
[    0.028065] Security Framework initialized
[    0.032005] Yama: becoming mindful.
[    0.036031] AppArmor: AppArmor initialized
[    0.040503] Dentry cache hash table entries: 131072 (order: 8, 1048576 bytes)
[    0.044062] Inode-cache hash table entries: 65536 (order: 7, 524288 bytes)
[    0.048023] Mount-cache hash table entries: 2048 (order: 2, 16384 bytes)
[    0.052012] Mountpoint-cache hash table entries: 2048 (order: 2, 16384 bytes)
[    0.056198] mce: CPU supports 0 MCE banks
[    0.056855] Last level iTLB entries: 4KB 64, 2MB 8, 4MB 8
[    0.060002] Last level dTLB entries: 4KB 64, 2MB 0, 4MB 0, 1GB 4
[    0.060733] Spectre V2 : Mitigation: Full generic retpoline
[    0.061393] Spectre V2 : Spectre v2 mitigation: Filling RSB on context switch
[    0.062183] Speculative Store Bypass: Vulnerable
[    0.062802] Freeing SMP alternatives memory: 36K
[    0.068000] smpboot: CPU0: Intel(R) Core(TM) i7-7700HQ CPU @ 2.80GHz (family: 0x6, model: 0x9e, stepping: 0x9)
[    0.068087] Performance Events: unsupported p6 CPU model 158 no PMU driver, software events only.
[    0.072056] Hierarchical SRCU implementation.
[    0.073882] NMI watchdog: Perf event create on CPU 0 failed with -2
[    0.076006] NMI watchdog: Perf NMI watchdog permanently disabled
[    0.080063] smp: Bringing up secondary CPUs ...
[    0.080723] x86: Booting SMP configuration:
[    0.084006] .... node  #0, CPUs:      #1
[    0.004000] kvm-clock: cpu 1, msr 0:3ff44041, secondary cpu clock
[    0.004000] mce: CPU supports 0 MCE banks
[    0.103184] smp: Brought up 1 node, 2 CPUs
[    0.104004] smpboot: Max logical packages: 1
[    0.108007] smpboot: Total of 2 processors activated (11232.00 BogoMIPS)
[    0.112171] devtmpfs: initialized
[    0.116061] x86/mm: Memory block size: 128MB
[    0.120207] evm: security.selinux
[    0.124012] evm: security.SMACK64
[    0.128008] evm: security.SMACK64EXEC
[    0.132005] evm: security.SMACK64TRANSMUTE
[    0.136007] evm: security.SMACK64MMAP
[    0.140005] evm: security.apparmor
[    0.144005] evm: security.ima
[    0.144483] evm: security.capability
[    0.145047] clocksource: jiffies: mask: 0xffffffff max_cycles: 0xffffffff, max_idle_ns: 7645041785100000 ns
[    0.148007] futex hash table entries: 512 (order: 3, 32768 bytes)
[    0.148777] pinctrl core: initialized pinctrl subsystem
[    0.149879] RTC time: 16:27:44, date: 11/09/18
[    0.152217] NET: Registered protocol family 16
[    0.156074] audit: initializing netlink subsys (disabled)
[    0.160045] audit: type=2000 audit(1541780860.075:1): state=initialized audit_enabled=0 res=1
[    0.164009] cpuidle: using governor ladder
[    0.168017] cpuidle: using governor menu
[    0.172051] ACPI: bus type PCI registered
[    0.176006] acpiphp: ACPI Hot Plug PCI Controller Driver version: 0.5
[    0.180201] PCI: Using configuration type 1 for base access
[    0.188778] HugeTLB registered 2.00 MiB page size, pre-allocated 0 pages
[    0.196095] ACPI: Added _OSI(Module Device)
[    0.200017] ACPI: Added _OSI(Processor Device)
[    0.204016] ACPI: Added _OSI(3.0 _SCP Extensions)
[    0.208008] ACPI: Added _OSI(Processor Aggregator Device)
[    0.212011] ACPI: Added _OSI(Linux-Dell-Video)
[    0.216012] ACPI: Added _OSI(Linux-Lenovo-NV-HDMI-Audio)
[    0.220301] ACPI: Executed 1 blocks of module-level executable AML code
[    0.226775] ACPI: Interpreter enabled
[    0.228034] ACPI: (supports S0 S5)
[    0.232024] ACPI: Using IOAPIC for interrupt routing
[    0.236239] PCI: Using host bridge windows from ACPI; if necessary, use "pci=nocrs" and report a bug
[    0.240149] ACPI: Enabled 2 GPEs in block 00 to 07
[    0.250414] ACPI: PCI Root Bridge [PCI0] (domain 0000 [bus 00-ff])
[    0.252048] acpi PNP0A03:00: _OSC: OS supports [ASPM ClockPM Segments MSI]
[    0.253332] acpi PNP0A03:00: _OSC: not requesting OS control; OS requires [ExtendedConfig ASPM ClockPM MSI]
[    0.256017] acpi PNP0A03:00: fail to add MMCONFIG information, can't access extended PCI configuration space under this bridge.
[    0.260301] PCI host bridge to bus 0000:00
[    0.264008] pci_bus 0000:00: root bus resource [io  0x0000-0x0cf7 window]
[    0.268012] pci_bus 0000:00: root bus resource [io  0x0d00-0xffff window]
[    0.272010] pci_bus 0000:00: root bus resource [mem 0x000a0000-0x000bffff window]
[    0.276012] pci_bus 0000:00: root bus resource [mem 0x40000000-0xffdfffff window]
[    0.280005] pci_bus 0000:00: root bus resource [bus 00-ff]
[    0.282286] pci 0000:00:01.1: legacy IDE quirk: reg 0x10: [io  0x01f0-0x01f7]
[    0.284006] pci 0000:00:01.1: legacy IDE quirk: reg 0x14: [io  0x03f6]
[    0.285080] pci 0000:00:01.1: legacy IDE quirk: reg 0x18: [io  0x0170-0x0177]
[    0.288007] pci 0000:00:01.1: legacy IDE quirk: reg 0x1c: [io  0x0376]
[    0.305723] pci 0000:00:07.0: quirk: [io  0x4000-0x403f] claimed by PIIX4 ACPI
[    0.308022] pci 0000:00:07.0: quirk: [io  0x4100-0x410f] claimed by PIIX4 SMB
[    0.322002] ACPI: PCI Interrupt Link [LNKA] (IRQs 5 9 10 *11)
[    0.328261] ACPI: PCI Interrupt Link [LNKB] (IRQs 5 9 10 *11)
[    0.332124] ACPI: PCI Interrupt Link [LNKC] (IRQs 5 9 *10 11)
[    0.336121] ACPI: PCI Interrupt Link [LNKD] (IRQs 5 *9 10 11)
[    0.340425] SCSI subsystem initialized
[    0.344116] pci 0000:00:02.0: vgaarb: setting as boot VGA device
[    0.348000] pci 0000:00:02.0: vgaarb: VGA device added: decodes=io+mem,owns=io+mem,locks=none
[    0.348009] pci 0000:00:02.0: vgaarb: bridge control possible
[    0.349006] vgaarb: loaded
[    0.352082] ACPI: bus type USB registered
[    0.356040] usbcore: registered new interface driver usbfs
[    0.360023] usbcore: registered new interface driver hub
[    0.364037] usbcore: registered new device driver usb
[    0.368111] EDAC MC: Ver: 3.0.0
[    0.372209] PCI: Using ACPI for IRQ routing
[    0.376282] NetLabel: Initializing
[    0.380005] NetLabel:  domain hash size = 128
[    0.384022] NetLabel:  protocols = UNLABELED CIPSOv4 CALIPSO
[    0.388040] NetLabel:  unlabeled traffic allowed by default
[    0.392063] clocksource: Switched to clocksource kvm-clock
[    0.469680] VFS: Disk quotas dquot_6.6.0
[    0.519229] VFS: Dquot-cache hash table entries: 512 (order 0, 4096 bytes)
[    0.695858] AppArmor: AppArmor Filesystem Enabled
[    0.800950] pnp: PnP ACPI init
[    0.821123] pnp: PnP ACPI: found 3 devices
[    0.847038] clocksource: acpi_pm: mask: 0xffffff max_cycles: 0xffffff, max_idle_ns: 2085701024 ns
[    1.003057] NET: Registered protocol family 2
[    1.091389] TCP established hash table entries: 8192 (order: 4, 65536 bytes)
[    1.230074] TCP bind hash table entries: 8192 (order: 5, 131072 bytes)
[    1.366158] TCP: Hash tables configured (established 8192 bind 8192)
[    1.371741] UDP hash table entries: 512 (order: 2, 16384 bytes)
[    1.372955] UDP-Lite hash table entries: 512 (order: 2, 16384 bytes)
[    1.373980] NET: Registered protocol family 1
[    1.465178] pci 0000:00:00.0: Limiting direct PCI/PCI transfers
[    1.576213] pci 0000:00:01.0: Activating ISA DMA hang workarounds
[    1.722066] pci 0000:00:02.0: Video device with shadowed ROM at [mem 0x000c0000-0x000dffff]
[    1.941295] Unpacking initramfs...
[    2.254133] Freeing initrd memory: 18976K
[    2.320890] platform rtc_cmos: registered platform RTC device (no PNP device found)
[    2.457687] Scanning for low memory corruption every 60 seconds
[    2.554109] Initialise system trusted keyrings
[    2.596900] Key type blacklist registered
[    2.602971] workingset: timestamp_bits=36 max_order=18 bucket_order=0
[    2.633229] zbud: loaded
[    2.671432] squashfs: version 4.0 (2009/01/31) Phillip Lougher
[    2.795249] fuse init (API version 7.26)
[    2.855849] Key type asymmetric registered
[    2.897298] Asymmetric key parser 'x509' registered
[    2.932069] Block layer SCSI generic (bsg) driver version 0.4 loaded (major 246)
[    3.042852] io scheduler noop registered
[    3.052119] io scheduler deadline registered
[    3.076399] io scheduler cfq registered (default)
[    3.077321] ACPI: AC Adapter [AC] (on-line)
[    3.078033] input: Power Button as /devices/LNXSYSTM:00/LNXPWRBN:00/input/input0
[    3.079038] ACPI: Power Button [PWRF]
[    3.079550] input: Sleep Button as /devices/LNXSYSTM:00/LNXSLPBN:00/input/input1
[    3.171140] ACPI: Sleep Button [SLPF]
[    3.205026] ACPI: Battery Slot [BAT0] (battery present)
[    3.321293] Serial: 8250/16550 driver, 32 ports, IRQ sharing enabled
[    3.411103] tsc: Refined TSC clocksource calibration: 2807.826 MHz
[    3.412146] clocksource: tsc: mask: 0xffffffffffffffff max_cycles: 0x287921f6182, max_idle_ns: 440795324593 ns
[    3.435373] 00:02: ttyS0 at I/O 0x3f8 (irq = 4, base_baud = 115200) is a 16550A
[    3.629225] Linux agpgart interface v0.103
[    3.720023] loop: module loaded
[    3.776872] scsi host0: ata_piix
[    3.812495] scsi host1: ata_piix
[    3.838486] ata1: PATA max UDMA/33 cmd 0x1f0 ctl 0x3f6 bmdma 0xd000 irq 14
[    3.839385] ata2: PATA max UDMA/33 cmd 0x170 ctl 0x376 bmdma 0xd008 irq 15
[    3.840735] libphy: Fixed MDIO Bus: probed
[    3.932745] tun: Universal TUN/TAP device driver, 1.6
[    4.061675] PPP generic driver version 2.4.2
[    4.124961] ehci_hcd: USB 2.0 'Enhanced' Host Controller (EHCI) Driver
[    4.214243] ehci-pci: EHCI PCI platform driver
[    4.260914] ehci-platform: EHCI generic platform driver
[    4.344826] ohci_hcd: USB 1.1 'Open' Host Controller (OHCI) Driver
[    4.453460] ohci-pci: OHCI PCI platform driver
[    4.454362] ohci-platform: OHCI generic platform driver
[    4.455156] uhci_hcd: USB Universal Host Controller Interface driver
[    4.456063] i8042: PNP: PS/2 Controller [PNP0303:PS2K,PNP0f03:PS2M] at 0x60,0x64 irq 1,12
[    4.460683] serio: i8042 KBD port at 0x60,0x64 irq 1
[    4.513390] serio: i8042 AUX port at 0x60,0x64 irq 12
[    4.587644] mousedev: PS/2 mouse device common for all mice
[    4.712793] input: AT Translated Set 2 keyboard as /devices/platform/i8042/serio0/input/input2
[    4.716115] rtc_cmos rtc_cmos: rtc core: registered rtc_cmos as rtc0
[    4.716170] rtc_cmos rtc_cmos: alarms up to one day, 114 bytes nvram
[    4.716178] i2c /dev entries driver
[    4.716225] device-mapper: uevent: version 1.0.3
[    4.716270] device-mapper: ioctl: 4.37.0-ioctl (2017-09-20) initialised: dm-devel@redhat.com
[    4.825164] ledtrig-cpu: registered to indicate activity on CPUs
[    4.826276] NET: Registered protocol family 10
[    4.829582] Segment Routing with IPv6
[    4.960985] NET: Registered protocol family 17
[    5.112055] Key type dns_resolver registered
[   55.112788] RAS: Correctable Errors collector initialized.
[    5.251458] sched_clock: Marking stable (5251421470, 0)->(16725788629, -11474367159)
[    5.632859] registered taskstats version 1
[    5.701841] Loading compiled-in X.509 certificates
[    5.814228] Loaded X.509 cert 'Build time autogenerated kernel key: 197c80222fd2638086c51a9b9e4961ca73d6ea07'
[    5.829100] zswap: loaded using pool lzo/zbud
[   55.835909] Key type big_key registered
[    6.130934] Key type trusted registered
[    6.462737] Key type encrypted registered
[    6.800972] AppArmor: AppArmor sha1 policy hashing enabled
[    6.871012] ima: No TPM chip found, activating TPM-bypass! (rc=-19)
[    6.888631] ima: Allocated hash algorithm: sha1
[    7.101039] evm: HMAC attrs: 0x1
[    7.101689]   Magic number: 10:330:489
[    7.107070] rtc_cmos rtc_cmos: setting system clock to 2018-11-09 16:27:53 UTC (1541780873)
[    7.108866] BIOS EDD facility v0.16 2004-Jun-25, 0 devices found
[    7.109724] EDD information not available.
[    7.112543] Freeing unused kernel memory: 2408K
[    7.128093] Write protecting the kernel read-only data: 20480k
[    7.129329] Freeing unused kernel memory: 2008K
[    7.132478] Freeing unused kernel memory: 1900K
[    7.265415] x86/mm: Checked W+X mappings: passed, no W+X pages found.
[    7.391182] x86/mm: Checking user space page tables
[    7.485948] x86/mm: Checked W+X mappings: passed, no W+X pages found.
Loading, please wait...
starting version 237
[    7.654005] e1000: Intel(R) PRO/1000 Network Driver - version 7.3.21-k8-NAPI
[    7.709518] e1000: Copyright (c) 1999-2006 Intel Corporation.
[    7.755075] Fusion MPT base driver 3.04.20
[    7.764612] Copyright (c) 1999-2008 LSI Corporation
[    7.778546] AVX version of gcm_enc/dec engaged.
[    7.991022] AES CTR mode by8 optimization enabled
[    8.262386] input: ImExPS/2 Generic Explorer Mouse as /devices/platform/i8042/serio1/input/input4
[    8.925099] Fusion MPT SPI Host driver 3.04.20
[    9.479127] e1000 0000:00:03.0 eth0: (PCI:33MHz:32-bit) 02:57:90:f6:94:65
[    9.641404] e1000 0000:00:03.0 eth0: Intel(R) PRO/1000 Network Connection
[   10.063405] e1000 0000:00:08.0 eth1: (PCI:33MHz:32-bit) 08:00:27:4b:ec:da
[   10.301417] e1000 0000:00:08.0 eth1: Intel(R) PRO/1000 Network Connection
[   10.303637] e1000 0000:00:08.0 enp0s8: renamed from eth1
[   10.518506] mptbase: ioc0: Initiating bringup
[   10.773633] e1000 0000:00:03.0 enp0s3: renamed from eth0
[   11.020265] ioc0: LSI53C1030 A0: Capabilities={Initiator}
[   11.292939] scsi host2: ioc0: LSI53C1030 A0, FwRev=00000000h, Ports=1, MaxQ=256, IRQ=20
[   11.477305] scsi 2:0:0:0: Direct-Access     VBOX     HARDDISK         1.0  PQ: 0 ANSI: 5
[   11.548165] scsi target2:0:0: Beginning Domain Validation
[   11.584620] scsi target2:0:0: Domain Validation skipping write tests
[   11.631385] scsi target2:0:0: Ending Domain Validation
[   11.632353] scsi target2:0:0: asynchronous
[   11.891670] scsi 2:0:1:0: Direct-Access     VBOX     HARDDISK         1.0  PQ: 0 ANSI: 5
[   12.048053] scsi target2:0:1: Beginning Domain Validation
[   12.061876] random: fast init done
[   12.124517] scsi target2:0:1: Domain Validation skipping write tests
[   12.171264] scsi target2:0:1: Ending Domain Validation
[   12.173276] scsi target2:0:1: asynchronous
[   12.181178] random: systemd-udevd: uninitialized urandom read (16 bytes read)
[   12.275603] random: systemd-udevd: uninitialized urandom read (16 bytes read)
[   12.275690] sd 2:0:0:0: Attached scsi generic sg0 type 0
[   12.378008] sd 2:0:1:0: Attached scsi generic sg1 type 0
[   12.531083] random: systemd-udevd: uninitialized urandom read (16 bytes read)
[   12.531272] sd 2:0:0:0: [sda] 20971520 512-byte logical blocks: (10.7 GB/10.0 GiB)
[   12.531336] sd 2:0:0:0: [sda] Write Protect is off
[   12.531360] sd 2:0:1:0: [sdb] 20480 512-byte logical blocks: (10.5 MB/10.0 MiB)
[   12.531440] sd 2:0:1:0: [sdb] Write Protect is off
[   12.531486] sd 2:0:0:0: [sda] Incomplete mode parameter data
[   12.531487] sd 2:0:0:0: [sda] Assuming drive cache: write through
[   12.531524] sd 2:0:1:0: [sdb] Incomplete mode parameter data
[   12.531525] sd 2:0:1:0: [sdb] Assuming drive cache: write through
[   12.683643]  sda: sda1
[   12.684036] sd 2:0:0:0: [sda] Attached SCSI disk
[   12.684383] sd 2:0:1:0: [sdb] Attached SCSI disk
Begin: Loading essential drivers ... [   14.340035] raid6: sse2x1   gen() 10486 MB/s
[   14.448035] raid6: sse2x1   xor()  8454 MB/s
[   14.576020] raid6: sse2x2   gen() 15129 MB/s
[   14.664045] raid6: sse2x2   xor()  9689 MB/s
[   14.748053] raid6: sse2x4   gen() 16734 MB/s
[   14.848038] raid6: sse2x4   xor() 10389 MB/s
[   14.890746] raid6: using algorithm sse2x4 gen() 16734 MB/s
[   15.016093] raid6: .... xor() 10389 MB/s, rmw enabled
[   15.114711] raid6: using ssse3x2 recovery algorithm
[   15.177645] xor: automatically using best checksumming function   avx       
[   15.218296] async_tx: api initialized (async)
done.
Begin: Running /scripts/init-p[   15.278252] Btrfs loaded, crc32c=crc32c-intel
remount ... done.
Begin: Mounting root file system ... Begin: Running /scripts/local-top ... done.
Begin: Running /scripts/local-premount ... Scanning for Btrfs filesystems
done.
[   15.408551] EXT4-fs (sda1): mounted filesystem with ordered data mode. Opts: (null)
Warning: fsck not present, so skipping root file system
done.
Begin: Running /scripts/local-bottom ... done.
Begin: Running /scripts/init-bottom ... done.
[   15.700768] ip_tables: (C) 2000-2006 Netfilter Core Team
[   15.846849] systemd[1]: systemd 237 running in system mode. (+PAM +AUDIT +SELINUX +IMA +APPARMOR +SMACK +SYSVINIT +UTMP +LIBCRYPTSETUP +GCRYPT +GNUTLS +ACL +XZ +LZ4 +SECCOMP +BLKID +ELFUTILS +KMOD -IDN2 +IDN -PCRE2 default-hierarchy=hybrid)
[   15.932107] systemd[1]: Detected virtualization oracle.
[   16.028935] systemd[1]: Detected architecture x86-64.

Welcome to [1mUbuntu 18.04.1 LTS[0m!

[   16.058068] systemd[1]: Set hostname to <ubuntu>.
[   16.060318] systemd[1]: Initializing machine ID from random generator.
[   16.181305] systemd[1]: Installed transient /etc/machine-id file.
[   16.363284] systemd[1]: Reached target Swap.
[[0;32m  OK  [0m] Reached target Swap.
[   16.476667] systemd[1]: Set up automount Arbitrary Executable File Formats File System Automount Point.
[[0;32m  OK  [0m] Set up automount Arbitrary Executab…rmats File System Automount Point.
[   16.678349] systemd[1]: Started Forward Password Requests to Wall Directory Watch.
[[0;32m  OK  [0m] Started Forward Password Requests to Wall Directory Watch.
[   16.684470] systemd[1]: Reached target System Time Synchronized.
[[0;32m  OK  [0m] Reached target System Time Synchronized.
[[0;32m  OK  [0m] Created slice System Slice.
[[0;32m  OK  [0m] Listening on Journal Socket (/dev/log).
[[0;32m  OK  [0m] Listening on Journal Socket.
         Starting Remount Root and Kernel File Systems...
         Starting Set the console keyboard layout...
[[0;32m  OK  [0m] Listening on LVM2 poll daemon socket.
         Starting Create list of required st…ce nodes for the current kernel...
[[0;32m  OK  [0m] Created slice system-serial\x2dgetty.slice.
         Mounting Huge Pages File System...
[[0;32m  OK  [0m] Listening on Journal Audit Socket.
         Starting Load Kernel Modules...
         Mounting POSIX Message Queue File System...
[[0;32m  OK  [0m] Listening on udev Kernel Socket.
         Starting Uncomplicated firewall...
[[0;32m  OK  [0m] Listening on udev Control Socket.
         Starting udev Coldplug all Devices...
[[0;32m  OK  [0m] Listening on Network Service Netlink Socket.
[[0;32m  OK  [0m] Created slice User and Session Slice.
[[0;32m  OK  [0m] Reached target Slices.
[[0;32m  OK  [0m] Listening on Device-mapper event daemon FIFOs.
[   16.753101] Loading iSCSI transport class v2.0-870.
[[0;32m  OK  [0m] Listening on LVM2 metadata daemon socket.
         Starting Monitoring of LVM2 mirrors…ng dmeventd or progress polling...
         Mountin[   16.919765] iscsi: registered transport (tcp)
g Kernel Debug File System...
[[0;32m  OK  [0m] Reached target User and Group Name Lookups.
[[0;32m  OK  [0m] Listening on /dev/initctl Compatibility Named Pipe.
[[0;32m  OK  [0m] Listening on Syslog Socket.
         Starting Journal Service...
[[0;32m  OK  [0m] Started Create list of required sta…vice nodes for the current kernel.
[[0;32m  OK  [0m] Started Uncomplicated firewall.
         Starting Create Static Device Nodes in /dev...
[[0;32m  OK  [0m] Started Journal Service.
[[0;32m  OK  [0m] Started udev Coldplug all Devices.
[   17.089791] iscsi: registered transport (iser)
[[0;32m  OK  [0m] Started Load Kernel Modules.
[[0;32m  OK  [0m] Mounted Huge Pages File System.
[[0;32m  OK  [0m] Mounted POSIX Message Queue File System.
[[0;32m  OK  [0m] Mounted Kernel Debug File System.
[[0;32m  OK  [0m] Started Create Static Device[   17.131357] EXT4-fs (sda1): re-mounted. Opts: (null)
 Nodes in /dev.
[[0;32m  OK  [0m] Started Remount Root and Kernel File Systems.
[[0;32m  OK  [0m] Started LVM2 metadata daemon.
         Starting Initial cloud-init job (pre-networking)...
         Starting Load/Save Random Seed...
         Starting udev Kernel Device Manager...
         Starting Apply Kernel Variables...
         Mounting Kernel Configuration File System...
         Mountin[   17.178367] random: crng init done
g FUSE Control File System...
[   17.380973] random: 7 urandom warning(s) missed due to ratelimiting
         Starting Flush Journal to Persistent Storage...
[[0;32m  OK  [0m] Started udev Kernel Device Manager.
[[0;32m  OK  [0m] Started Set the console keyboard layout.
[[0;32m  OK  [0m] Started Monitoring of LVM2 mirrors,…sing dmeventd or progress polling.
[[0;32m  OK  [0m] Started Load/Save Random Seed.
[[0;32m  OK  [0m] Started Apply Kernel Variables.
[[0;32m  OK  [0m] Mounted Kernel Configuration File System.
[[0;32m  OK  [0m] Mounted FUSE Control File System.
[[0;32m  OK  [0m] Found device /dev/ttyS0.
[[0;32m  OK  [0m] Listening on Load/Save RF Kill Switch Status /dev/rfkill Watch.
[[0;32m  OK  [0m] Reached target Local File Systems (Pre).
[[0;32m  OK  [0m] Reached target Local File Systems.
         Starting AppArmor initialization...
         Starting Set console font and keymap...
         Starting ebtables ruleset management...
         Starting Tell Plymouth To Write Out Runtime Data...
         Starting Commit a transient machine-id on disk...
[[0;32m  OK  [0m] Started Dispatch Password Requests to Console Directory Watch.
[[0;32m  OK  [0m] Reached target Local Encrypted Volumes.
[[0;32m  OK  [0m] Started Flush Journal to Persistent Storage.
[[0;32m  OK  [0m] Started Set console font and keymap.
         Starting Create Volatile Files and Directories...
[[0;32m  OK  [0m] Started Tell Plymouth To Write Out Runtime Data.
[[0;32m  OK  [0m] Started Create Volatile Files and Directories.
         Starting Update UTMP about System Boot/Shutdown...
[[0;32m  OK  [0m] Started Update UTMP about System Boot/Shutdown.
[[0;32m  OK  [0m] Started Commit a transient machine-id on disk.
[[0;32m  OK  [0m] Started ebtables ruleset management.
[   19.312714] cloud-init[407]: Cloud-init v. 18.3-9-g2e62cb8a-0ubuntu1~18.04.2 running 'init-local' at Fri, 09 Nov 2018 16:28:05 +0000. Up 18.88 seconds.
[[0;32m  OK  [0m] Started AppArmor initialization.
[[0;32m  OK  [0m] Started Initial cloud-init job (pre-networking).
[[0;32m  OK  [0m] Reached target Network (Pre).
         Starting Network Service...
[[0;32m  OK  [0m] Started Network Service.
         Starting Network Name Resolution...
         Starting Wait for Network to be Configured...
[[0;32m  OK  [0m] Started Network Name Resolution.
[[0;32m  OK  [0m] Reached target Network.
[[0;32m  OK  [0m] Reached target Host and Network Name Lookups.
[[0;32m  OK  [0m] Started Wait for Network to be Configured.
         Starting Initial cloud-init job (metadata service crawler)...
[   22.757547] cloud-init[660]: Cloud-init v. 18.3-9-g2e62cb8a-0ubuntu1~18.04.2 running 'init' at Fri, 09 Nov 2018 16:28:08 +0000. Up 21.77 seconds.
[[0;32m  OK  [0m] Started Initial cloud-init job (metadata service crawler).
[   22.812398] cloud-init[660]: ci-info: ++++++++++++++++++++++++++++++++++++++Net device info+++++++++++++++++++++++++++++++++++++++
[[0;32m  OK  [0m] Reached target Network is Online.
[   22.816456] cloud-init[660]: ci-info: +--------+-------+----------------------------+---------------+--------+-------------------+
         Starting iSCSI initiator daemon (iscsid)...
[[0;32m  OK  [0m] Reached target Cloud-config availability.
[[0;32m  OK  [0m] Reached target System Initialization.
[[0;32m  OK  [0m] Listening on D-Bus System Message Bus Socket.
[[0;32m  OK  [0m] Started Discard unused blocks once a week.
[   22.840344] cloud-init[660]:          Starting LXD - unix socket.
ci-info: | Device |   Up  |          Address           |      Mask     | Scope  |     Hw-Address    |
[[0;32m  OK  [0m] Started Daily apt download activities.
[   22.883336] [cloud-init[0;32m  OK  [0m[660]: ] ci-info: +--------+-------+----------------------------+---------------+--------+-------------------+Listening on ACPID Listen Socket.

         Starting Socket activation for snappy daemon.
[   22.941376] [[0;32m  OK  [0m] Started Daily apt upgrade and clean activities.
cloud-init[[0;32m  OK  [0m] Started ACPI Events Check.
[[0;32m  OK  [0m] Started Daily Cleanup of Temporary Directories.
[660]: ci-info: | enp0s3 |  True |         10.0.2.15          | 255.255.255.0 | global | 02:57:90:f6:94:65 |
[[0;32m  OK  [0m] Started Message of the Day.
[   22.980076] [cloud-init[0;32m  OK  [0m[660]: ] ci-info: | enp0s3 |  True | fe80::57:90ff:fef6:9465/64 |       .       |  link  | 02:57:90:f6:94:65 |Reached target Timers.

[[0;32m  OK  [0m] Reached target Paths.
[   23.020320] [[0;32m  OK  [0m] Listening on UUID daemon activation socket.
cloud-init[660]: [[0;32m  OK  [0m] Listening on LXD - unix socket.
[[0;32m  OK  [0m] Listening on Socket activation for snappy daemon.
[[0;32m  OK  [0m] Reached target Sockets.
[[0;32m  OK  [0m] Reached target Basic System.
ci-info: | enp0s8 | False |             .              |       .       |   .    | 08:00:27:4b:ec:da |
         Starting Accounts Service...
[   23.044457] [cloud-init[0;32m  OK  [0m[660]: ] ci-info: |   lo   |  True |         127.0.0.1          |   255.0.0.0   |  host  |         .         |Started Unattended Upgrades Shutdown.

[[0;32m  OK  [0m] Started D-Bus System Message Bus.
[   23.086615] cloud-init[660]: ci-info: |   lo   |  True |          ::1/128           |       .       |  host  |         .         |
         Starting Dispatcher daemon for systemd-networkd...
[   23.109145] [[0;32m  OK  [0m] Started irqbalance daemon.
         Starting Pollinate to seed the pseudo random number generator...
         Starting LXD - container startup/shutdown...
         Starting Snappy daemon...
         Starting Virtualbox guest utils...
cloud-init[660]: ci-info: +--------+-------+----------------------------+---------------+--------+-------------------+
         [   23.184275] cloud-init[660]: ci-info: ++++++++++++++++++++++++++++Route IPv4 info+++++++++++++++++++++++++++++
Starting LSB: Record successful boot for GRUB...
[   23.184449] cloud-init[660]: ci-info: +-------+-------------+----------+-----------------+-----------+-------+
[   23.230704] cloud-init[660]: ci-info: | Route | Destination | Gateway  |     Genmask     | Interface | Flags |
[   23.231708] cloud-init[660]: ci-info: +-------+-------------+----------+-----------------+-----------+-------+
[   23.252304] cloud-init[660]: ci-info: |   0   |   0.0.0.0   | 10.0.2.2 |     0.0.0.0     |   enp0s3  |   UG  |
[   23.274139] cloud-init[660]: ci-info: |   1   |   10.0.2.0  | 0.0.0.0  |  255.255.255.0  |   enp0s3  |   U   |
[   23.300379] cloud-init[660]: ci-info: |   2   |   10.0.2.2  | 0.0.0.0  | 255.255.255.255 |   enp0s3  |   UH  |
[   23.300485] cloud-init[660]: ci-info: +-------+-------------+----------+-----------------+-----------+-------+
[   23.300622] cloud-init[660]: ci-info: +++++++++++++++++++Route IPv6 info+++++++++++++++++++
[   23.300786] cloud-init[660]: ci-info: +-------+-------------+---------+-----------+-------+
[   23.300939] cloud-init[660]: ci-info: | Route | Destination | Gateway | Interface | Flags |
[[0;32m  OK  [0m] Started Regular background program processing daemon.
[   23.301080] cloud-init[660]: ci-info: +-------+-------------+---------+-----------+-------+
         Starting Login Service...
[   23.392498] cloud-init[660]: ci-info: |   1   |  fe80::/64  |    ::   |   enp0s3  |   U   |
[[0;32m  OK  [0m] Started FUSE filesystem for LXC.
         Starting System Logging Service...
[[0;32m  OK  [0m] Started Deferred execution scheduler.
[[0;32m  OK  [0m] Started Dispatcher daemon for systemd-networkd.
[[0;32m  OK  [0m] Started System Logging Service.
[   23.453996] [cloud-init[0;32m  OK  [0m[660]: ] ci-info: |   3   |    local    |    ::   |   enp0s3  |   U   |Started iSCSI initiator daemon (iscsid).

[[0;32m  OK  [0m] Started LXD - container startup/shutdown.
[   23.549842] cloud-init[660]: ci-info: |   4   |   ff00::/8  |    ::   |   enp0s3  |   U   |
[   23.571780] cloud-init[660]: ci-info: +-------+-------------+---------+-----------+-------+
[[0;32m  OK  [0m] Started Snappy daemon.
[   23.590753] cloud-init[660]: Generating public/private rsa key pair.
[[0;32m  OK  [0m] Started Login Service.
[   23.595114] cloud-init[660]: Your identification has been saved in /etc/ssh/ssh_host_rsa_key.
         Starting Wait until snapd is fully seeded...
[   23.625846] cloud-init[660]: Your public key has been saved in /etc/ssh/ssh_host_rsa_key.pub.
         Starting Authorization Manager...
         Starting Availability of block devices...
[[0;32m  OK  [0m] Reached target Remote File Systems (Pre).
[[0;32m  OK  [0m] Reached target Remote File Systems.
[   23.686390] cloud-init[660]: The key fingerprint is:
[   23.704365]          cloud-initStarting Permit User Sessions...[660]: 
SHA256:/T6G7ia5H0KO41J3woJTz1rhvBnlPyED+JuRSBgQDFI root@ubuntu-bionic
         Starting LSB: automatic crash report generation...
[   23.738861] cloud-init[660]: The key's randomart image is:
[[0;32m  OK  [0m] Started Virtualbox guest utils.
[   23.746268] cloud-init[660]: +---[RSA 2048]----+
[[0;32m  OK  [0m] Started LSB: Record successful boot for GRUB.
[   23.761022] cloud-init[660]: |o+Eo             |
[   23.804301] [cloud-init[0;32m  OK  [0m[660]: ] |. . .            |Started Availability of block devices.

[[0;32m  OK  [0m] Started Permit User Sessions.
[   23.838532] cloud-init[660]: |     o .         |
[[0;32m  OK  [0m] Started Authorization Manager.
[   23.889310] cloud-init[660]: |    . + o..      |
[[0;32m  OK  [0m] Started Accounts Service.
[   23.891524] cloud-init[660]: |     + OS*.      |
         Starting Hold until boot process finishes up...
         Starting Terminate Plymouth Boot Screen...
[[0;32m  OK  [0m] Started Hold until boot process finishes up.
[   23.933265] cloud-init[660]: |    o ++# =..    |
[[0;32m  OK  [0m] Started LSB: automatic crash report generation.
[   23.979069] cloud-init[660]: |     oo=o@.=..   |
[[0;32m  OK  [0m] Started Pollinate to seed the pseudo random number generator.
[   24.017522] cloud-init[660]: |    ....B.oo=    |
[[0;32m  OK  [0m] Started Terminate Plymouth Boot Screen.
[   24.020914] cloud-init[660]: |     .. .B+..o   |
         Starting OpenBSD Secure Shell server...
[   24.059028] cloud-init[660]: +----[SHA256]-----+
[[0;32m  OK  [0m] Started Serial Getty on ttyS0.
[   24.068361] cloud-init[660]: Generating public/private dsa key pair.
         Starting Set console scheme...
[   24.101105] cloud-init[660]: Your identification has been saved in /etc/ssh/ssh_host_dsa_key.
[[0;32m  OK  [0m] Started Set console scheme.
[   24.125209] cloud-init[660]: Your public key has been saved in /etc/ssh/ssh_host_dsa_key.pub.
[[0;32m  OK  [0m] Started OpenBSD Secure Shell server.
[   24.149050] cloud-init[660]: The key fingerprint is:
[[0;32m  OK  [0m] Created slice system-getty.slice.
[   24.170258] cloud-init[660]: SHA256:Mu2uZQCk0Z4iwvCCouPTJQyXoefbpMJsxJ8t4X2y74w root@ubuntu-bionic
[[0;32m  OK  [0m] Started Getty on tty1.
[   24.172490] [[0;32m  OK  [0m] Reached target Login Prompts.
cloud-init[660]: The key's randomart image is:
[   24.193750] cloud-init[660]: +---[DSA 1024]----+
[   24.205018] cloud-init[660]: |  ...            |
[   24.205760] cloud-init[660]: |.  =.            |
[   24.206471] cloud-init[660]: |+.o.+.           |
[   24.207185] cloud-init[660]: |*+o+o. .         |
[   24.207885] cloud-init[660]: |=o*.  + S        |
[   24.208699] cloud-init[660]: |oo = o =         |
[   24.209503] cloud-init[660]: |=.+ %   +        |
[   24.211648] cloud-init[660]: | B O =o=         |
[   24.213246] cloud-init[660]: |. o .EB=.        |
[   24.214794] cloud-init[660]: +----[SHA256]-----+
[   24.228151] cloud-init[660]: Generating public/private ecdsa key pair.
[   24.253521] cloud-init[660]: Your identification has been saved in /etc/ssh/ssh_host_ecdsa_key.
[[0;32m  OK  [0m] Created slice User Slice of vagrant.
[   24.300364] cloud-init[660]: Your public key has been saved in /etc/ssh/ssh_host_ecdsa_key.pub.
[   24.380174]          cloud-initStarting User Manager for UID 1000...[660]: 
The key fingerprint is:
[[0;32m  OK  [0m] Started Session 1 of user vagrant.
[[0;32m  OK  [0m] Started User Manager for UID 1000.
[   24.436692] cloud-init[660]: SHA256:lty64xjRZE+lVNqr8aBX8CzkQvk+zyEh7PM9M0wmieM root@ubuntu-bionic
[   24.481214] cloud-init[660]: The key's randomart image is:
[   24.482016] cloud-init[660]: +---[ECDSA 256]---+
[   24.482771] cloud-init[660]: |          ..o    |
[   24.483447] cloud-init[660]: |         o =     |
[   24.484102] cloud-init[660]: |        = * .    |
[   24.484751] cloud-init[660]: |       B O + .   |
[   24.485359] cloud-init[660]: |      . S.X.=    |
[   24.485972] cloud-init[660]: |       +o*oOo    |
[   24.486658] cloud-init[660]: |      ..=.*=o    |
[   24.487290] cloud-init[660]: |       oE= *=.   |
[   24.487878] cloud-init[660]: |      ..o.. ++   |
[   24.500172] cloud-init[660]: +----[SHA256]-----+
[   24.523199] cloud-init[660]: Generating public/private ed25519 key pair.
[   24.523821] cloud-init[660]: Your identification has been saved in /etc/ssh/ssh_host_ed25519_key.
[   24.536379] cloud-init[660]: Your public key has been saved in /etc/ssh/ssh_host_ed25519_key.pub.
[   24.538539] cloud-init[660]: The key fingerprint is:
[   24.540719] cloud-init[660]: SHA256:QPtr1MqqAiZ1vWjwFpB9w3lfMKoGugZHbiFjsi39UpU root@ubuntu-bionic
[   24.610669] cloud-init[660]: The key's randomart image is:
[   24.612690] cloud-init[660]: +--[ED25519 256]--+
[   24.613278] cloud-init[660]: |   o ...  o.     |
[   24.668193] cloud-init[660]: |  o ..=o.. ..    |
[   24.676753] cloud-init[660]: |+.o..oEo.. .     |
[   24.677423] cloud-init[660]: |oOoooo.+ ..      |
[   24.678041] cloud-init[660]: |+.B+.oo.S .      |
[   24.736666] cloud-init[660]: |o* +=..o o       |
[   24.742502] cloud-init[660]: |o.+o.   =        |
[   24.760854] cloud-init[660]: | ...   o         |
[   24.794940] cloud-init[660]: |   ....          |
[   24.795552] cloud-init[660]: +----[SHA256]-----+
[[0;32m  OK  [0m] Started Wait until snapd is fully seeded.
         Starting Apply the settings specified in cloud-config...
[[0;32m  OK  [0m] Reached target Multi-User System.
[[0;32m  OK  [0m] Reached target Graphical Interface.
         Starting Update UTMP about System Runlevel Changes...
[[0;32m  OK  [0m] Started Update UTMP about System Runlevel Changes.
[   27.397950] cloud-init[1461]: Cloud-init v. 18.3-9-g2e62cb8a-0ubuntu1~18.04.2 running 'modules:config' at Fri, 09 Nov 2018 16:28:13 +0000. Up 27.07 seconds.
[[0;32m  OK  [0m] Started Apply the settings specified in cloud-config.
         Starting Execute cloud user/final scripts...
ci-info: no authorized ssh keys fingerprints found for user ubuntu.
<14>Nov  9 16:28:14 ec2: 
<14>Nov  9 16:28:14 ec2: #############################################################
<14>Nov  9 16:28:14 ec2: -----BEGIN SSH HOST KEY FINGERPRINTS-----
<14>Nov  9 16:28:14 ec2: 1024 SHA256:Mu2uZQCk0Z4iwvCCouPTJQyXoefbpMJsxJ8t4X2y74w root@ubuntu-bionic (DSA)
<14>Nov  9 16:28:14 ec2: 256 SHA256:lty64xjRZE+lVNqr8aBX8CzkQvk+zyEh7PM9M0wmieM root@ubuntu-bionic (ECDSA)
<14>Nov  9 16:28:14 ec2: 256 SHA256:QPtr1MqqAiZ1vWjwFpB9w3lfMKoGugZHbiFjsi39UpU root@ubuntu-bionic (ED25519)
<14>Nov  9 16:28:14 ec2: 2048 SHA256:/T6G7ia5H0KO41J3woJTz1rhvBnlPyED+JuRSBgQDFI root@ubuntu-bionic (RSA)
<14>Nov  9 16:28:14 ec2: -----END SSH HOST KEY FINGERPRINTS-----
<14>Nov  9 16:28:14 ec2: #############################################################
-----BEGIN SSH HOST KEY KEYS-----
ecdsa-sha2-nistp256 AAAAE2VjZHNhLXNoYTItbmlzdHAyNTYAAAAIbmlzdHAyNTYAAABBBMzSQZfu4kuZzWE7EjlE12dI5kwYAvCrgbFd1V4kKRFdnla3uE+yG/0dT9WRQcj04svRJ9pyomWYFvRO6SND+ic= root@ubuntu-bionic
ssh-ed25519 AAAAC3NzaC1lZDI1NTE5AAAAIK9oqqMUcmRLwZtjK1q9eHUUBhzE+qYK/uKwWKYSbJiy root@ubuntu-bionic
ssh-rsa AAAAB3NzaC1yc2EAAAADAQABAAABAQClG5EZmsVcLJvtAGRGju2eof3xCT6leHU67XwCxM7zwEhl+aVwS+tzF6EdzB6DL6eEkJjGuffVFlcvUFuAvfunoIC3Gl2Bo+4KeVXezl3F/EgOSEIHMrFwpZ5sTzBbsE5t9lSUB+myeiGqEg0wbwlrRVn+/GD++B6YCTyNqCGFO49fry9NJgse3ak5yilTciKJzCuLXGKA5dqlzfH0ydwrXin1rr2EZ+pR2Uw6KmefOx+LfypmwiWrpOF9Qofs2GSoDSo/JQqQTsABpAWUi7v4Vt1KihuwhUlpBu6eoJUWbGL+ou5FKZtkniHecn5T2FcPgo51Y0gva61DOAZ4eJF9 root@ubuntu-bionic
-----END SSH HOST KEY KEYS-----
[   27.895566] cloud-init[1547]: Cloud-init v. 18.3-9-g2e62cb8a-0ubuntu1~18.04.2 running 'modules:final' at Fri, 09 Nov 2018 16:28:14 +0000. Up 27.72 seconds.
[   27.928184] cloud-init[1547]: ci-info: no authorized ssh keys fingerprints found for user ubuntu.
[[   27.972411] cloud-init[1547]: Cloud-init v. 18.3-9-g2e62cb8a-0ubuntu1~18.04.2 finished at Fri, 09 Nov 2018 16:28:14 +0000. Datasource DataSourceNoCloud [seed=/dev/sdb][dsmode=net].  Up 27.88 seconds
[0;32m  OK  [0m] Started Execute cloud user/final scripts.
[[0;32m  OK  [0m] Reached target Cloud-init target.

Ubuntu 18.04.1 LTS ubuntu-bionic ttyS0

ubuntu-bionic login: 